nohup: ignoring input
Finished import libraries
Original training datapoints: 30000
SMOTE oversampled datapoints: 47341
   principal component 1  ...  principal component 100
0               1.413271  ...                 0.007020
1               1.409184  ...                 0.009451

[2 rows x 100 columns]
Model Start

 ---------------------------------------- 
 SVC 
 ----------------------------------------
Best parameters: 

 {'C': 0.5, 'kernel': 'rbf', 'max_iter': 1000, 'probability': True} 

********************
Model Start

 ---------------------------------------- 
 RandomForestClassifier 
 ----------------------------------------
Best parameters: 

 {'bootstrap': False, 'criterion': 'entropy', 'max_depth': 20, 'max_features': 'auto', 'min_samples_leaf': 5, 'min_samples_split': 5, 'n_estimators': 300} 

********************
Model Start

 ---------------------------------------- 
 XGBClassifier 
 ----------------------------------------
Best parameters: 

 {'colsample_bytree': 0.5, 'gamma': 0.1, 'learning_rate': 0.15, 'max_depth': 20, 'min_child_weight': 5, 'n_estimators': 400} 

********************
/home/thanhnc/projects/kalapa_credit_scoring/venv/lib/python3.6/site-packages/sklearn/svm/_base.py:231: ConvergenceWarning: Solver terminated early (max_iter=1000).  Consider pre-processing your data with StandardScaler or MinMaxScaler.
  % self.max_iter, ConvergenceWarning)
/home/thanhnc/projects/kalapa_credit_scoring/venv/lib/python3.6/site-packages/sklearn/svm/_base.py:231: ConvergenceWarning: Solver terminated early (max_iter=1000).  Consider pre-processing your data with StandardScaler or MinMaxScaler.
  % self.max_iter, ConvergenceWarning)
/home/thanhnc/projects/kalapa_credit_scoring/venv/lib/python3.6/site-packages/sklearn/svm/_base.py:231: ConvergenceWarning: Solver terminated early (max_iter=1000).  Consider pre-processing your data with StandardScaler or MinMaxScaler.
  % self.max_iter, ConvergenceWarning)
/home/thanhnc/projects/kalapa_credit_scoring/venv/lib/python3.6/site-packages/sklearn/svm/_base.py:231: ConvergenceWarning: Solver terminated early (max_iter=1000).  Consider pre-processing your data with StandardScaler or MinMaxScaler.
  % self.max_iter, ConvergenceWarning)
/home/thanhnc/projects/kalapa_credit_scoring/venv/lib/python3.6/site-packages/sklearn/svm/_base.py:231: ConvergenceWarning: Solver terminated early (max_iter=1000).  Consider pre-processing your data with StandardScaler or MinMaxScaler.
  % self.max_iter, ConvergenceWarning)
/home/thanhnc/projects/kalapa_credit_scoring/venv/lib/python3.6/site-packages/sklearn/svm/_base.py:231: ConvergenceWarning: Solver terminated early (max_iter=1000).  Consider pre-processing your data with StandardScaler or MinMaxScaler.
  % self.max_iter, ConvergenceWarning)
/home/thanhnc/projects/kalapa_credit_scoring/venv/lib/python3.6/site-packages/sklearn/svm/_base.py:231: ConvergenceWarning: Solver terminated early (max_iter=1000).  Consider pre-processing your data with StandardScaler or MinMaxScaler.
  % self.max_iter, ConvergenceWarning)
/home/thanhnc/projects/kalapa_credit_scoring/venv/lib/python3.6/site-packages/sklearn/svm/_base.py:231: ConvergenceWarning: Solver terminated early (max_iter=1000).  Consider pre-processing your data with StandardScaler or MinMaxScaler.
  % self.max_iter, ConvergenceWarning)
/home/thanhnc/projects/kalapa_credit_scoring/venv/lib/python3.6/site-packages/sklearn/svm/_base.py:231: ConvergenceWarning: Solver terminated early (max_iter=1000).  Consider pre-processing your data with StandardScaler or MinMaxScaler.
  % self.max_iter, ConvergenceWarning)
/home/thanhnc/projects/kalapa_credit_scoring/venv/lib/python3.6/site-packages/sklearn/svm/_base.py:231: ConvergenceWarning: Solver terminated early (max_iter=1000).  Consider pre-processing your data with StandardScaler or MinMaxScaler.
  % self.max_iter, ConvergenceWarning)
/home/thanhnc/projects/kalapa_credit_scoring/venv/lib/python3.6/site-packages/sklearn/svm/_base.py:231: ConvergenceWarning: Solver terminated early (max_iter=1000).  Consider pre-processing your data with StandardScaler or MinMaxScaler.
  % self.max_iter, ConvergenceWarning)
/home/thanhnc/projects/kalapa_credit_scoring/venv/lib/python3.6/site-packages/sklearn/svm/_base.py:231: ConvergenceWarning: Solver terminated early (max_iter=1000).  Consider pre-processing your data with StandardScaler or MinMaxScaler.
  % self.max_iter, ConvergenceWarning)
/home/thanhnc/projects/kalapa_credit_scoring/venv/lib/python3.6/site-packages/sklearn/svm/_base.py:231: ConvergenceWarning: Solver terminated early (max_iter=1000).  Consider pre-processing your data with StandardScaler or MinMaxScaler.
  % self.max_iter, ConvergenceWarning)
/home/thanhnc/projects/kalapa_credit_scoring/venv/lib/python3.6/site-packages/sklearn/svm/_base.py:231: ConvergenceWarning: Solver terminated early (max_iter=1000).  Consider pre-processing your data with StandardScaler or MinMaxScaler.
  % self.max_iter, ConvergenceWarning)
/home/thanhnc/projects/kalapa_credit_scoring/venv/lib/python3.6/site-packages/sklearn/svm/_base.py:231: ConvergenceWarning: Solver terminated early (max_iter=1000).  Consider pre-processing your data with StandardScaler or MinMaxScaler.
  % self.max_iter, ConvergenceWarning)
/home/thanhnc/projects/kalapa_credit_scoring/venv/lib/python3.6/site-packages/sklearn/svm/_base.py:231: ConvergenceWarning: Solver terminated early (max_iter=1000).  Consider pre-processing your data with StandardScaler or MinMaxScaler.
  % self.max_iter, ConvergenceWarning)
/home/thanhnc/projects/kalapa_credit_scoring/venv/lib/python3.6/site-packages/sklearn/svm/_base.py:231: ConvergenceWarning: Solver terminated early (max_iter=1000).  Consider pre-processing your data with StandardScaler or MinMaxScaler.
  % self.max_iter, ConvergenceWarning)
/home/thanhnc/projects/kalapa_credit_scoring/venv/lib/python3.6/site-packages/sklearn/svm/_base.py:231: ConvergenceWarning: Solver terminated early (max_iter=1000).  Consider pre-processing your data with StandardScaler or MinMaxScaler.
  % self.max_iter, ConvergenceWarning)
/home/thanhnc/projects/kalapa_credit_scoring/venv/lib/python3.6/site-packages/sklearn/svm/_base.py:231: ConvergenceWarning: Solver terminated early (max_iter=1000).  Consider pre-processing your data with StandardScaler or MinMaxScaler.
  % self.max_iter, ConvergenceWarning)
/home/thanhnc/projects/kalapa_credit_scoring/venv/lib/python3.6/site-packages/sklearn/svm/_base.py:231: ConvergenceWarning: Solver terminated early (max_iter=1000).  Consider pre-processing your data with StandardScaler or MinMaxScaler.
  % self.max_iter, ConvergenceWarning)
/home/thanhnc/projects/kalapa_credit_scoring/venv/lib/python3.6/site-packages/sklearn/svm/_base.py:231: ConvergenceWarning: Solver terminated early (max_iter=1000).  Consider pre-processing your data with StandardScaler or MinMaxScaler.
  % self.max_iter, ConvergenceWarning)
/home/thanhnc/projects/kalapa_credit_scoring/venv/lib/python3.6/site-packages/sklearn/svm/_base.py:231: ConvergenceWarning: Solver terminated early (max_iter=1000).  Consider pre-processing your data with StandardScaler or MinMaxScaler.
  % self.max_iter, ConvergenceWarning)
/home/thanhnc/projects/kalapa_credit_scoring/venv/lib/python3.6/site-packages/sklearn/svm/_base.py:231: ConvergenceWarning: Solver terminated early (max_iter=1000).  Consider pre-processing your data with StandardScaler or MinMaxScaler.
  % self.max_iter, ConvergenceWarning)
/home/thanhnc/projects/kalapa_credit_scoring/venv/lib/python3.6/site-packages/sklearn/svm/_base.py:231: ConvergenceWarning: Solver terminated early (max_iter=1000).  Consider pre-processing your data with StandardScaler or MinMaxScaler.
  % self.max_iter, ConvergenceWarning)
/home/thanhnc/projects/kalapa_credit_scoring/venv/lib/python3.6/site-packages/sklearn/svm/_base.py:231: ConvergenceWarning: Solver terminated early (max_iter=1000).  Consider pre-processing your data with StandardScaler or MinMaxScaler.
  % self.max_iter, ConvergenceWarning)
/home/thanhnc/projects/kalapa_credit_scoring/venv/lib/python3.6/site-packages/sklearn/svm/_base.py:231: ConvergenceWarning: Solver terminated early (max_iter=1000).  Consider pre-processing your data with StandardScaler or MinMaxScaler.
  % self.max_iter, ConvergenceWarning)
/home/thanhnc/projects/kalapa_credit_scoring/venv/lib/python3.6/site-packages/sklearn/svm/_base.py:231: ConvergenceWarning: Solver terminated early (max_iter=1000).  Consider pre-processing your data with StandardScaler or MinMaxScaler.
  % self.max_iter, ConvergenceWarning)
/home/thanhnc/projects/kalapa_credit_scoring/venv/lib/python3.6/site-packages/sklearn/svm/_base.py:231: ConvergenceWarning: Solver terminated early (max_iter=1000).  Consider pre-processing your data with StandardScaler or MinMaxScaler.
  % self.max_iter, ConvergenceWarning)
/home/thanhnc/projects/kalapa_credit_scoring/venv/lib/python3.6/site-packages/sklearn/svm/_base.py:231: ConvergenceWarning: Solver terminated early (max_iter=1000).  Consider pre-processing your data with StandardScaler or MinMaxScaler.
  % self.max_iter, ConvergenceWarning)
/home/thanhnc/projects/kalapa_credit_scoring/venv/lib/python3.6/site-packages/sklearn/svm/_base.py:231: ConvergenceWarning: Solver terminated early (max_iter=1000).  Consider pre-processing your data with StandardScaler or MinMaxScaler.
  % self.max_iter, ConvergenceWarning)
/home/thanhnc/projects/kalapa_credit_scoring/venv/lib/python3.6/site-packages/sklearn/svm/_base.py:231: ConvergenceWarning: Solver terminated early (max_iter=1000).  Consider pre-processing your data with StandardScaler or MinMaxScaler.
  % self.max_iter, ConvergenceWarning)
/home/thanhnc/projects/kalapa_credit_scoring/venv/lib/python3.6/site-packages/sklearn/svm/_base.py:231: ConvergenceWarning: Solver terminated early (max_iter=1000).  Consider pre-processing your data with StandardScaler or MinMaxScaler.
  % self.max_iter, ConvergenceWarning)
